{"C:\\Users\\saksh\\OneDrive\\Desktop\\ai-lesson-editor\\Creditor_UserDash\\src\\components\\ErrorBoundary.jsx": {"path":"C:\\Users\\saksh\\OneDrive\\Desktop\\ai-lesson-editor\\Creditor_UserDash\\src\\components\\ErrorBoundary.jsx","statementMap":{"0":{"start":{"line":10,"column":4},"end":{"line":10,"column":null}},"1":{"start":{"line":14,"column":4},"end":{"line":14,"column":null}},"2":{"start":{"line":15,"column":4},"end":{"line":18,"column":null}},"3":{"start":{"line":22,"column":4},"end":{"line":68,"column":null}},"4":{"start":{"line":42,"column":31},"end":{"line":42,"column":null}},"5":{"start":{"line":49,"column":31},"end":{"line":49,"column":null}},"6":{"start":{"line":70,"column":4},"end":{"line":70,"column":null}},"7":{"start":{"line":5,"column":4},"end":{"line":5,"column":null}},"8":{"start":{"line":6,"column":4},"end":{"line":6,"column":null}}},"fnMap":{"0":{"name":"(anonymous_0)","decl":{"start":{"line":9,"column":9},"end":{"line":9,"column":34}},"loc":{"start":{"line":9,"column":41},"end":{"line":11,"column":null}},"line":9},"1":{"name":"(anonymous_1)","decl":{"start":{"line":13,"column":2},"end":{"line":13,"column":20}},"loc":{"start":{"line":13,"column":38},"end":{"line":19,"column":null}},"line":13},"2":{"name":"(anonymous_2)","decl":{"start":{"line":21,"column":2},"end":{"line":21,"column":11}},"loc":{"start":{"line":21,"column":11},"end":{"line":71,"column":null}},"line":21},"3":{"name":"(anonymous_3)","decl":{"start":{"line":42,"column":25},"end":{"line":42,"column":31}},"loc":{"start":{"line":42,"column":31},"end":{"line":42,"column":null}},"line":42},"4":{"name":"(anonymous_4)","decl":{"start":{"line":49,"column":25},"end":{"line":49,"column":31}},"loc":{"start":{"line":49,"column":31},"end":{"line":49,"column":null}},"line":49},"5":{"name":"(anonymous_5)","decl":{"start":{"line":4,"column":2},"end":{"line":4,"column":14}},"loc":{"start":{"line":4,"column":21},"end":{"line":7,"column":null}},"line":4}},"branchMap":{"0":{"loc":{"start":{"line":22,"column":4},"end":{"line":68,"column":null}},"type":"if","locations":[{"start":{"line":22,"column":4},"end":{"line":68,"column":null}},{"start":{},"end":{}}],"line":22}},"s":{"0":8,"1":4,"2":4,"3":21,"4":1,"5":1,"6":9,"7":8,"8":8},"f":{"0":1,"1":4,"2":21,"3":1,"4":1,"5":8},"b":{"0":[12,9]},"meta":{"lastBranch":1,"lastFunction":6,"lastStatement":9,"seen":{"f:9:9:9:34":0,"s:10:4:10:Infinity":0,"f:13:2:13:20":1,"s:14:4:14:Infinity":1,"s:15:4:18:Infinity":2,"f:21:2:21:11":2,"b:22:4:68:Infinity:undefined:undefined:undefined:undefined":0,"s:22:4:68:Infinity":3,"f:42:25:42:31":3,"s:42:31:42:Infinity":4,"f:49:25:49:31":4,"s:49:31:49:Infinity":5,"s:70:4:70:Infinity":6,"f:4:2:4:14":5,"s:5:4:5:Infinity":7,"s:6:4:6:Infinity":8}}}
,"C:\\Users\\saksh\\OneDrive\\Desktop\\ai-lesson-editor\\Creditor_UserDash\\src\\components\\courses\\AIWorkflowManager.jsx": {"path":"C:\\Users\\saksh\\OneDrive\\Desktop\\ai-lesson-editor\\Creditor_UserDash\\src\\components\\courses\\AIWorkflowManager.jsx","statementMap":{"0":{"start":{"line":29,"column":26},"end":{"line":427,"column":null}},"1":{"start":{"line":36,"column":37},"end":{"line":36,"column":null}},"2":{"start":{"line":37,"column":39},"end":{"line":37,"column":null}},"3":{"start":{"line":38,"column":43},"end":{"line":38,"column":null}},"4":{"start":{"line":39,"column":43},"end":{"line":39,"column":null}},"5":{"start":{"line":40,"column":47},"end":{"line":40,"column":null}},"6":{"start":{"line":43,"column":24},"end":{"line":100,"column":null}},"7":{"start":{"line":103,"column":19},"end":{"line":103,"column":null}},"8":{"start":{"line":104,"column":25},"end":{"line":104,"column":null}},"9":{"start":{"line":104,"column":54},"end":{"line":104,"column":68}},"10":{"start":{"line":106,"column":4},"end":{"line":108,"column":null}},"11":{"start":{"line":106,"column":35},"end":{"line":106,"column":64}},"12":{"start":{"line":111,"column":24},"end":{"line":128,"column":null}},"13":{"start":{"line":112,"column":4},"end":{"line":112,"column":null}},"14":{"start":{"line":113,"column":4},"end":{"line":113,"column":null}},"15":{"start":{"line":116,"column":4},"end":{"line":122,"column":null}},"16":{"start":{"line":116,"column":17},"end":{"line":116,"column":20}},"17":{"start":{"line":117,"column":6},"end":{"line":117,"column":null}},"18":{"start":{"line":118,"column":6},"end":{"line":118,"column":null}},"19":{"start":{"line":121,"column":6},"end":{"line":121,"column":null}},"20":{"start":{"line":121,"column":35},"end":{"line":121,"column":null}},"21":{"start":{"line":124,"column":4},"end":{"line":124,"column":null}},"22":{"start":{"line":125,"column":4},"end":{"line":127,"column":null}},"23":{"start":{"line":126,"column":6},"end":{"line":126,"column":null}},"24":{"start":{"line":131,"column":30},"end":{"line":179,"column":null}},"25":{"start":{"line":132,"column":17},"end":{"line":132,"column":41}},"26":{"start":{"line":133,"column":4},"end":{"line":133,"column":null}},"27":{"start":{"line":133,"column":15},"end":{"line":133,"column":null}},"28":{"start":{"line":135,"column":4},"end":{"line":135,"column":null}},"29":{"start":{"line":137,"column":4},"end":{"line":178,"column":null}},"30":{"start":{"line":138,"column":21},"end":{"line":142,"column":null}},"31":{"start":{"line":145,"column":6},"end":{"line":173,"column":null}},"32":{"start":{"line":146,"column":27},"end":{"line":151,"column":null}},"33":{"start":{"line":153,"column":8},"end":{"line":156,"column":null}},"34":{"start":{"line":153,"column":37},"end":{"line":156,"column":null}},"35":{"start":{"line":158,"column":8},"end":{"line":158,"column":null}},"36":{"start":{"line":158,"column":34},"end":{"line":158,"column":null}},"37":{"start":{"line":161,"column":8},"end":{"line":172,"column":null}},"38":{"start":{"line":162,"column":10},"end":{"line":171,"column":null}},"39":{"start":{"line":175,"column":6},"end":{"line":175,"column":null}},"40":{"start":{"line":177,"column":6},"end":{"line":177,"column":null}},"41":{"start":{"line":182,"column":29},"end":{"line":185,"column":null}},"42":{"start":{"line":183,"column":4},"end":{"line":183,"column":null}},"43":{"start":{"line":184,"column":4},"end":{"line":184,"column":null}},"44":{"start":{"line":188,"column":24},"end":{"line":193,"column":null}},"45":{"start":{"line":189,"column":4},"end":{"line":189,"column":null}},"46":{"start":{"line":190,"column":4},"end":{"line":190,"column":null}},"47":{"start":{"line":191,"column":4},"end":{"line":191,"column":null}},"48":{"start":{"line":192,"column":4},"end":{"line":192,"column":null}},"49":{"start":{"line":196,"column":26},"end":{"line":206,"column":null}},"50":{"start":{"line":197,"column":17},"end":{"line":197,"column":41}},"51":{"start":{"line":198,"column":4},"end":{"line":198,"column":null}},"52":{"start":{"line":198,"column":25},"end":{"line":198,"column":null}},"53":{"start":{"line":201,"column":35},"end":{"line":203,"column":null}},"54":{"start":{"line":203,"column":19},"end":{"line":203,"column":30}},"55":{"start":{"line":205,"column":4},"end":{"line":205,"column":null}},"56":{"start":{"line":205,"column":45},"end":{"line":205,"column":null}},"57":{"start":{"line":262,"column":44},"end":{"line":262,"column":70}},"58":{"start":{"line":274,"column":30},"end":{"line":274,"column":null}},"59":{"start":{"line":275,"column":28},"end":{"line":275,"column":null}},"60":{"start":{"line":276,"column":30},"end":{"line":276,"column":null}},"61":{"start":{"line":277,"column":29},"end":{"line":277,"column":54}},"62":{"start":{"line":352,"column":39},"end":{"line":352,"column":null}}},"fnMap":{"0":{"name":"(anonymous_0)","decl":{"start":{"line":29,"column":26},"end":{"line":29,"column":27}},"loc":{"start":{"line":35,"column":1},"end":{"line":427,"column":null}},"line":35},"1":{"name":"(anonymous_1)","decl":{"start":{"line":104,"column":46},"end":{"line":104,"column":54}},"loc":{"start":{"line":104,"column":54},"end":{"line":104,"column":68}},"line":104},"2":{"name":"(anonymous_2)","decl":{"start":{"line":106,"column":27},"end":{"line":106,"column":35}},"loc":{"start":{"line":106,"column":35},"end":{"line":106,"column":64}},"line":106},"3":{"name":"(anonymous_3)","decl":{"start":{"line":111,"column":24},"end":{"line":111,"column":null}},"loc":{"start":{"line":111,"column":24},"end":{"line":128,"column":null}},"line":111},"4":{"name":"(anonymous_4)","decl":{"start":{"line":121,"column":24},"end":{"line":121,"column":35}},"loc":{"start":{"line":121,"column":35},"end":{"line":121,"column":null}},"line":121},"5":{"name":"(anonymous_5)","decl":{"start":{"line":131,"column":30},"end":{"line":131,"column":36}},"loc":{"start":{"line":131,"column":36},"end":{"line":179,"column":null}},"line":131},"6":{"name":"(anonymous_6)","decl":{"start":{"line":153,"column":28},"end":{"line":153,"column":37}},"loc":{"start":{"line":153,"column":37},"end":{"line":156,"column":null}},"line":153},"7":{"name":"(anonymous_7)","decl":{"start":{"line":158,"column":26},"end":{"line":158,"column":34}},"loc":{"start":{"line":158,"column":34},"end":{"line":158,"column":null}},"line":158},"8":{"name":"(anonymous_8)","decl":{"start":{"line":182,"column":29},"end":{"line":182,"column":35}},"loc":{"start":{"line":182,"column":35},"end":{"line":185,"column":null}},"line":182},"9":{"name":"(anonymous_9)","decl":{"start":{"line":188,"column":24},"end":{"line":188,"column":null}},"loc":{"start":{"line":188,"column":24},"end":{"line":193,"column":null}},"line":188},"10":{"name":"(anonymous_10)","decl":{"start":{"line":196,"column":26},"end":{"line":196,"column":null}},"loc":{"start":{"line":196,"column":26},"end":{"line":206,"column":null}},"line":196},"11":{"name":"(anonymous_11)","decl":{"start":{"line":203,"column":14},"end":{"line":203,"column":19}},"loc":{"start":{"line":203,"column":19},"end":{"line":203,"column":30}},"line":203},"12":{"name":"(anonymous_12)","decl":{"start":{"line":205,"column":40},"end":{"line":205,"column":45}},"loc":{"start":{"line":205,"column":45},"end":{"line":205,"column":null}},"line":205},"13":{"name":"(anonymous_13)","decl":{"start":{"line":262,"column":39},"end":{"line":262,"column":44}},"loc":{"start":{"line":262,"column":44},"end":{"line":262,"column":70}},"line":262},"14":{"name":"(anonymous_14)","decl":{"start":{"line":273,"column":27},"end":{"line":273,"column":28}},"loc":{"start":{"line":273,"column":34},"end":{"line":404,"column":null}},"line":273},"15":{"name":"(anonymous_15)","decl":{"start":{"line":352,"column":33},"end":{"line":352,"column":39}},"loc":{"start":{"line":352,"column":39},"end":{"line":352,"column":null}},"line":352}},"branchMap":{"0":{"loc":{"start":{"line":34,"column":2},"end":{"line":34,"column":18}},"type":"default-arg","locations":[{"start":{"line":34,"column":13},"end":{"line":34,"column":18}}],"line":34},"1":{"loc":{"start":{"line":125,"column":4},"end":{"line":127,"column":null}},"type":"if","locations":[{"start":{"line":125,"column":4},"end":{"line":127,"column":null}},{"start":{},"end":{}}],"line":125},"2":{"loc":{"start":{"line":133,"column":4},"end":{"line":133,"column":null}},"type":"if","locations":[{"start":{"line":133,"column":4},"end":{"line":133,"column":null}},{"start":{},"end":{}}],"line":133},"3":{"loc":{"start":{"line":145,"column":6},"end":{"line":173,"column":null}},"type":"if","locations":[{"start":{"line":145,"column":6},"end":{"line":173,"column":null}},{"start":{},"end":{}}],"line":145},"4":{"loc":{"start":{"line":161,"column":8},"end":{"line":172,"column":null}},"type":"if","locations":[{"start":{"line":161,"column":8},"end":{"line":172,"column":null}},{"start":{},"end":{}}],"line":161},"5":{"loc":{"start":{"line":198,"column":4},"end":{"line":198,"column":null}},"type":"if","locations":[{"start":{"line":198,"column":4},"end":{"line":198,"column":null}},{"start":{},"end":{}}],"line":198},"6":{"loc":{"start":{"line":275,"column":28},"end":{"line":275,"column":null}},"type":"binary-expr","locations":[{"start":{"line":275,"column":28},"end":{"line":275,"column":53}},{"start":{"line":275,"column":53},"end":{"line":275,"column":null}}],"line":275},"7":{"loc":{"start":{"line":288,"column":18},"end":{"line":294,"column":null}},"type":"cond-expr","locations":[{"start":{"line":289,"column":22},"end":{"line":289,"column":null}},{"start":{"line":290,"column":22},"end":{"line":294,"column":null}}],"line":288},"8":{"loc":{"start":{"line":290,"column":22},"end":{"line":294,"column":null}},"type":"cond-expr","locations":[{"start":{"line":291,"column":24},"end":{"line":291,"column":null}},{"start":{"line":292,"column":24},"end":{"line":294,"column":null}}],"line":290},"9":{"loc":{"start":{"line":292,"column":24},"end":{"line":294,"column":null}},"type":"cond-expr","locations":[{"start":{"line":293,"column":26},"end":{"line":293,"column":null}},{"start":{"line":294,"column":26},"end":{"line":294,"column":null}}],"line":292},"10":{"loc":{"start":{"line":303,"column":26},"end":{"line":309,"column":null}},"type":"cond-expr","locations":[{"start":{"line":304,"column":30},"end":{"line":304,"column":null}},{"start":{"line":305,"column":30},"end":{"line":309,"column":null}}],"line":303},"11":{"loc":{"start":{"line":305,"column":30},"end":{"line":309,"column":null}},"type":"cond-expr","locations":[{"start":{"line":306,"column":32},"end":{"line":306,"column":null}},{"start":{"line":307,"column":32},"end":{"line":309,"column":null}}],"line":305},"12":{"loc":{"start":{"line":307,"column":32},"end":{"line":309,"column":null}},"type":"cond-expr","locations":[{"start":{"line":308,"column":34},"end":{"line":308,"column":null}},{"start":{"line":309,"column":34},"end":{"line":309,"column":null}}],"line":307},"13":{"loc":{"start":{"line":353,"column":34},"end":{"line":353,"column":null}},"type":"binary-expr","locations":[{"start":{"line":353,"column":34},"end":{"line":353,"column":50}},{"start":{"line":353,"column":50},"end":{"line":353,"column":null}}],"line":353},"14":{"loc":{"start":{"line":355,"column":25},"end":{"line":355,"column":null}},"type":"binary-expr","locations":[{"start":{"line":355,"column":25},"end":{"line":355,"column":41}},{"start":{"line":355,"column":41},"end":{"line":355,"column":null}}],"line":355},"15":{"loc":{"start":{"line":390,"column":29},"end":{"line":394,"column":null}},"type":"cond-expr","locations":[{"start":{"line":391,"column":32},"end":{"line":393,"column":null}},{"start":{"line":394,"column":32},"end":{"line":394,"column":null}}],"line":390},"16":{"loc":{"start":{"line":419,"column":15},"end":{"line":420,"column":null}},"type":"binary-expr","locations":[{"start":{"line":419,"column":15},"end":{"line":419,"column":null}},{"start":{"line":420,"column":16},"end":{"line":420,"column":null}}],"line":419}},"s":{"0":1,"1":1,"2":1,"3":1,"4":1,"5":1,"6":1,"7":1,"8":1,"9":6,"10":1,"11":4,"12":1,"13":0,"14":0,"15":0,"16":0,"17":0,"18":0,"19":0,"20":0,"21":0,"22":0,"23":0,"24":1,"25":0,"26":0,"27":0,"28":0,"29":0,"30":0,"31":0,"32":0,"33":0,"34":0,"35":0,"36":0,"37":0,"38":0,"39":0,"40":0,"41":1,"42":0,"43":0,"44":1,"45":0,"46":0,"47":0,"48":0,"49":1,"50":6,"51":6,"52":1,"53":5,"54":15,"55":5,"56":5,"57":4,"58":6,"59":6,"60":6,"61":6,"62":0},"f":{"0":1,"1":6,"2":4,"3":0,"4":0,"5":0,"6":0,"7":0,"8":0,"9":0,"10":6,"11":15,"12":5,"13":4,"14":6,"15":0},"b":{"0":[1],"1":[0,0],"2":[0,0],"3":[0,0],"4":[0,0],"5":[1,5],"6":[6,1],"7":[0,6],"8":[0,6],"9":[1,5],"10":[0,6],"11":[0,6],"12":[1,5],"13":[6,1],"14":[6,0],"15":[0,0],"16":[0,0]},"meta":{"lastBranch":17,"lastFunction":16,"lastStatement":63,"seen":{"s:29:26:427:Infinity":0,"f:29:26:29:27":0,"b:34:13:34:18":0,"s:36:37:36:Infinity":1,"s:37:39:37:Infinity":2,"s:38:43:38:Infinity":3,"s:39:43:39:Infinity":4,"s:40:47:40:Infinity":5,"s:43:24:100:Infinity":6,"s:103:19:103:Infinity":7,"s:104:25:104:Infinity":8,"f:104:46:104:54":1,"s:104:54:104:68":9,"s:106:4:108:Infinity":10,"f:106:27:106:35":2,"s:106:35:106:64":11,"s:111:24:128:Infinity":12,"f:111:24:111:Infinity":3,"s:112:4:112:Infinity":13,"s:113:4:113:Infinity":14,"s:116:4:122:Infinity":15,"s:116:17:116:20":16,"s:117:6:117:Infinity":17,"s:118:6:118:Infinity":18,"s:121:6:121:Infinity":19,"f:121:24:121:35":4,"s:121:35:121:Infinity":20,"s:124:4:124:Infinity":21,"b:125:4:127:Infinity:undefined:undefined:undefined:undefined":1,"s:125:4:127:Infinity":22,"s:126:6:126:Infinity":23,"s:131:30:179:Infinity":24,"f:131:30:131:36":5,"s:132:17:132:41":25,"b:133:4:133:Infinity:undefined:undefined:undefined:undefined":2,"s:133:4:133:Infinity":26,"s:133:15:133:Infinity":27,"s:135:4:135:Infinity":28,"s:137:4:178:Infinity":29,"s:138:21:142:Infinity":30,"b:145:6:173:Infinity:undefined:undefined:undefined:undefined":3,"s:145:6:173:Infinity":31,"s:146:27:151:Infinity":32,"s:153:8:156:Infinity":33,"f:153:28:153:37":6,"s:153:37:156:Infinity":34,"s:158:8:158:Infinity":35,"f:158:26:158:34":7,"s:158:34:158:Infinity":36,"b:161:8:172:Infinity:undefined:undefined:undefined:undefined":4,"s:161:8:172:Infinity":37,"s:162:10:171:Infinity":38,"s:175:6:175:Infinity":39,"s:177:6:177:Infinity":40,"s:182:29:185:Infinity":41,"f:182:29:182:35":8,"s:183:4:183:Infinity":42,"s:184:4:184:Infinity":43,"s:188:24:193:Infinity":44,"f:188:24:188:Infinity":9,"s:189:4:189:Infinity":45,"s:190:4:190:Infinity":46,"s:191:4:191:Infinity":47,"s:192:4:192:Infinity":48,"s:196:26:206:Infinity":49,"f:196:26:196:Infinity":10,"s:197:17:197:41":50,"b:198:4:198:Infinity:undefined:undefined:undefined:undefined":5,"s:198:4:198:Infinity":51,"s:198:25:198:Infinity":52,"s:201:35:203:Infinity":53,"f:203:14:203:19":11,"s:203:19:203:30":54,"s:205:4:205:Infinity":55,"f:205:40:205:45":12,"s:205:45:205:Infinity":56,"f:262:39:262:44":13,"s:262:44:262:70":57,"f:273:27:273:28":14,"s:274:30:274:Infinity":58,"s:275:28:275:Infinity":59,"b:275:28:275:53:275:53:275:Infinity":6,"s:276:30:276:Infinity":60,"s:277:29:277:54":61,"b:289:22:289:Infinity:290:22:294:Infinity":7,"b:291:24:291:Infinity:292:24:294:Infinity":8,"b:293:26:293:Infinity:294:26:294:Infinity":9,"b:304:30:304:Infinity:305:30:309:Infinity":10,"b:306:32:306:Infinity:307:32:309:Infinity":11,"b:308:34:308:Infinity:309:34:309:Infinity":12,"f:352:33:352:39":15,"s:352:39:352:Infinity":62,"b:353:34:353:50:353:50:353:Infinity":13,"b:355:25:355:41:355:41:355:Infinity":14,"b:391:32:393:Infinity:394:32:394:Infinity":15,"b:419:15:419:Infinity:420:16:420:Infinity":16}}}
,"C:\\Users\\saksh\\OneDrive\\Desktop\\ai-lesson-editor\\Creditor_UserDash\\src\\components\\courses\\UnifiedAIBlockEditor.jsx": {"path":"C:\\Users\\saksh\\OneDrive\\Desktop\\ai-lesson-editor\\Creditor_UserDash\\src\\components\\courses\\UnifiedAIBlockEditor.jsx","statementMap":{"0":{"start":{"line":42,"column":29},"end":{"line":608,"column":null}},"1":{"start":{"line":51,"column":27},"end":{"line":51,"column":null}},"2":{"start":{"line":52,"column":39},"end":{"line":52,"column":null}},"3":{"start":{"line":53,"column":41},"end":{"line":53,"column":null}},"4":{"start":{"line":54,"column":49},"end":{"line":54,"column":null}},"5":{"start":{"line":55,"column":41},"end":{"line":55,"column":null}},"6":{"start":{"line":56,"column":31},"end":{"line":56,"column":null}},"7":{"start":{"line":57,"column":47},"end":{"line":57,"column":null}},"8":{"start":{"line":58,"column":43},"end":{"line":58,"column":null}},"9":{"start":{"line":59,"column":39},"end":{"line":59,"column":null}},"10":{"start":{"line":60,"column":39},"end":{"line":60,"column":null}},"11":{"start":{"line":62,"column":24},"end":{"line":62,"column":null}},"12":{"start":{"line":62,"column":42},"end":{"line":62,"column":null}},"13":{"start":{"line":63,"column":24},"end":{"line":63,"column":60}},"14":{"start":{"line":66,"column":35},"end":{"line":106,"column":null}},"15":{"start":{"line":67,"column":4},"end":{"line":105,"column":null}},"16":{"start":{"line":68,"column":21},"end":{"line":68,"column":205}},"17":{"start":{"line":70,"column":21},"end":{"line":73,"column":null}},"18":{"start":{"line":75,"column":6},"end":{"line":102,"column":null}},"19":{"start":{"line":76,"column":8},"end":{"line":101,"column":null}},"20":{"start":{"line":77,"column":30},"end":{"line":77,"column":null}},"21":{"start":{"line":78,"column":10},"end":{"line":78,"column":null}},"22":{"start":{"line":81,"column":10},"end":{"line":100,"column":null}},"23":{"start":{"line":104,"column":6},"end":{"line":104,"column":null}},"24":{"start":{"line":109,"column":28},"end":{"line":151,"column":null}},"25":{"start":{"line":110,"column":4},"end":{"line":110,"column":null}},"26":{"start":{"line":111,"column":4},"end":{"line":150,"column":null}},"27":{"start":{"line":112,"column":28},"end":{"line":114,"column":null}},"28":{"start":{"line":116,"column":8},"end":{"line":117,"column":75}},"29":{"start":{"line":119,"column":21},"end":{"line":122,"column":null}},"30":{"start":{"line":124,"column":6},"end":{"line":145,"column":null}},"31":{"start":{"line":125,"column":25},"end":{"line":132,"column":null}},"32":{"start":{"line":134,"column":8},"end":{"line":137,"column":null}},"33":{"start":{"line":134,"column":34},"end":{"line":137,"column":null}},"34":{"start":{"line":139,"column":8},"end":{"line":144,"column":null}},"35":{"start":{"line":147,"column":6},"end":{"line":147,"column":null}},"36":{"start":{"line":149,"column":6},"end":{"line":149,"column":null}},"37":{"start":{"line":154,"column":30},"end":{"line":170,"column":null}},"38":{"start":{"line":155,"column":4},"end":{"line":169,"column":null}},"39":{"start":{"line":157,"column":8},"end":{"line":157,"column":null}},"40":{"start":{"line":159,"column":8},"end":{"line":159,"column":null}},"41":{"start":{"line":161,"column":22},"end":{"line":161,"column":null}},"42":{"start":{"line":161,"column":57},"end":{"line":161,"column":null}},"43":{"start":{"line":162,"column":8},"end":{"line":162,"column":null}},"44":{"start":{"line":162,"column":33},"end":{"line":162,"column":51}},"45":{"start":{"line":164,"column":8},"end":{"line":164,"column":null}},"46":{"start":{"line":166,"column":8},"end":{"line":166,"column":null}},"47":{"start":{"line":168,"column":8},"end":{"line":168,"column":null}},"48":{"start":{"line":173,"column":30},"end":{"line":241,"column":null}},"49":{"start":{"line":174,"column":26},"end":{"line":174,"column":null}},"50":{"start":{"line":201,"column":27},"end":{"line":201,"column":null}},"51":{"start":{"line":209,"column":27},"end":{"line":209,"column":null}},"52":{"start":{"line":217,"column":27},"end":{"line":217,"column":null}},"53":{"start":{"line":244,"column":29},"end":{"line":288,"column":null}},"54":{"start":{"line":245,"column":4},"end":{"line":287,"column":null}},"55":{"start":{"line":254,"column":27},"end":{"line":254,"column":null}},"56":{"start":{"line":267,"column":27},"end":{"line":267,"column":null}},"57":{"start":{"line":276,"column":27},"end":{"line":276,"column":null}},"58":{"start":{"line":291,"column":22},"end":{"line":300,"column":null}},"59":{"start":{"line":292,"column":4},"end":{"line":299,"column":null}},"60":{"start":{"line":292,"column":30},"end":{"line":299,"column":null}},"61":{"start":{"line":295,"column":8},"end":{"line":297,"column":null}},"62":{"start":{"line":303,"column":29},"end":{"line":322,"column":null}},"63":{"start":{"line":304,"column":18},"end":{"line":304,"column":null}},"64":{"start":{"line":304,"column":42},"end":{"line":304,"column":null}},"65":{"start":{"line":305,"column":4},"end":{"line":305,"column":null}},"66":{"start":{"line":305,"column":16},"end":{"line":305,"column":null}},"67":{"start":{"line":307,"column":4},"end":{"line":307,"column":null}},"68":{"start":{"line":308,"column":4},"end":{"line":321,"column":null}},"69":{"start":{"line":309,"column":21},"end":{"line":309,"column":117}},"70":{"start":{"line":310,"column":21},"end":{"line":312,"column":null}},"71":{"start":{"line":314,"column":6},"end":{"line":316,"column":null}},"72":{"start":{"line":315,"column":8},"end":{"line":315,"column":null}},"73":{"start":{"line":318,"column":6},"end":{"line":318,"column":null}},"74":{"start":{"line":320,"column":6},"end":{"line":320,"column":null}},"75":{"start":{"line":325,"column":25},"end":{"line":340,"column":null}},"76":{"start":{"line":326,"column":18},"end":{"line":326,"column":null}},"77":{"start":{"line":326,"column":42},"end":{"line":326,"column":null}},"78":{"start":{"line":327,"column":4},"end":{"line":339,"column":null}},"79":{"start":{"line":328,"column":23},"end":{"line":333,"column":null}},"80":{"start":{"line":335,"column":6},"end":{"line":338,"column":null}},"81":{"start":{"line":335,"column":32},"end":{"line":338,"column":null}},"82":{"start":{"line":343,"column":22},"end":{"line":350,"column":null}},"83":{"start":{"line":344,"column":4},"end":{"line":349,"column":null}},"84":{"start":{"line":344,"column":30},"end":{"line":349,"column":null}},"85":{"start":{"line":347,"column":17},"end":{"line":347,"column":null}},"86":{"start":{"line":353,"column":2},"end":{"line":357,"column":null}},"87":{"start":{"line":354,"column":4},"end":{"line":356,"column":null}},"88":{"start":{"line":355,"column":6},"end":{"line":355,"column":null}},"89":{"start":{"line":359,"column":2},"end":{"line":368,"column":null}},"90":{"start":{"line":384,"column":31},"end":{"line":384,"column":null}},"91":{"start":{"line":405,"column":35},"end":{"line":409,"column":null}},"92":{"start":{"line":411,"column":18},"end":{"line":414,"column":null}},"93":{"start":{"line":411,"column":44},"end":{"line":414,"column":null}},"94":{"start":{"line":416,"column":18},"end":{"line":422,"column":null}},"95":{"start":{"line":425,"column":18},"end":{"line":425,"column":null}},"96":{"start":{"line":426,"column":18},"end":{"line":426,"column":null}},"97":{"start":{"line":442,"column":33},"end":{"line":442,"column":null}},"98":{"start":{"line":452,"column":37},"end":{"line":452,"column":null}},"99":{"start":{"line":495,"column":32},"end":{"line":497,"column":null}},"100":{"start":{"line":524,"column":20},"end":{"line":524,"column":null}},"101":{"start":{"line":535,"column":20},"end":{"line":535,"column":null}},"102":{"start":{"line":546,"column":20},"end":{"line":546,"column":null}},"103":{"start":{"line":576,"column":31},"end":{"line":576,"column":null}},"104":{"start":{"line":600,"column":16},"end":{"line":600,"column":null}},"105":{"start":{"line":611,"column":21},"end":{"line":622,"column":null}},"106":{"start":{"line":612,"column":18},"end":{"line":620,"column":null}}},"fnMap":{"0":{"name":"(anonymous_0)","decl":{"start":{"line":42,"column":29},"end":{"line":42,"column":30}},"loc":{"start":{"line":50,"column":1},"end":{"line":608,"column":null}},"line":50},"1":{"name":"(anonymous_1)","decl":{"start":{"line":49,"column":18},"end":{"line":49,"column":25}},"loc":{"start":{"line":49,"column":18},"end":{"line":49,"column":26}},"line":49},"2":{"name":"(anonymous_2)","decl":{"start":{"line":62,"column":37},"end":{"line":62,"column":42}},"loc":{"start":{"line":62,"column":42},"end":{"line":62,"column":null}},"line":62},"3":{"name":"(anonymous_3)","decl":{"start":{"line":66,"column":35},"end":{"line":66,"column":42}},"loc":{"start":{"line":66,"column":55},"end":{"line":106,"column":null}},"line":66},"4":{"name":"(anonymous_4)","decl":{"start":{"line":109,"column":28},"end":{"line":109,"column":35}},"loc":{"start":{"line":109,"column":63},"end":{"line":151,"column":null}},"line":109},"5":{"name":"(anonymous_5)","decl":{"start":{"line":134,"column":25},"end":{"line":134,"column":34}},"loc":{"start":{"line":134,"column":34},"end":{"line":137,"column":null}},"line":134},"6":{"name":"(anonymous_6)","decl":{"start":{"line":154,"column":30},"end":{"line":154,"column":31}},"loc":{"start":{"line":154,"column":37},"end":{"line":170,"column":null}},"line":154},"7":{"name":"(anonymous_7)","decl":{"start":{"line":161,"column":49},"end":{"line":161,"column":57}},"loc":{"start":{"line":161,"column":57},"end":{"line":161,"column":null}},"line":161},"8":{"name":"(anonymous_8)","decl":{"start":{"line":162,"column":25},"end":{"line":162,"column":33}},"loc":{"start":{"line":162,"column":33},"end":{"line":162,"column":51}},"line":162},"9":{"name":"(anonymous_9)","decl":{"start":{"line":173,"column":30},"end":{"line":173,"column":31}},"loc":{"start":{"line":173,"column":38},"end":{"line":241,"column":null}},"line":173},"10":{"name":"(anonymous_10)","decl":{"start":{"line":201,"column":21},"end":{"line":201,"column":27}},"loc":{"start":{"line":201,"column":27},"end":{"line":201,"column":null}},"line":201},"11":{"name":"(anonymous_11)","decl":{"start":{"line":209,"column":21},"end":{"line":209,"column":27}},"loc":{"start":{"line":209,"column":27},"end":{"line":209,"column":null}},"line":209},"12":{"name":"(anonymous_12)","decl":{"start":{"line":217,"column":21},"end":{"line":217,"column":27}},"loc":{"start":{"line":217,"column":27},"end":{"line":217,"column":null}},"line":217},"13":{"name":"(anonymous_13)","decl":{"start":{"line":244,"column":29},"end":{"line":244,"column":null}},"loc":{"start":{"line":244,"column":29},"end":{"line":288,"column":null}},"line":244},"14":{"name":"(anonymous_14)","decl":{"start":{"line":254,"column":22},"end":{"line":254,"column":27}},"loc":{"start":{"line":254,"column":27},"end":{"line":254,"column":null}},"line":254},"15":{"name":"(anonymous_15)","decl":{"start":{"line":267,"column":22},"end":{"line":267,"column":27}},"loc":{"start":{"line":267,"column":27},"end":{"line":267,"column":null}},"line":267},"16":{"name":"(anonymous_16)","decl":{"start":{"line":276,"column":22},"end":{"line":276,"column":27}},"loc":{"start":{"line":276,"column":27},"end":{"line":276,"column":null}},"line":276},"17":{"name":"(anonymous_17)","decl":{"start":{"line":291,"column":22},"end":{"line":291,"column":23}},"loc":{"start":{"line":291,"column":32},"end":{"line":300,"column":null}},"line":291},"18":{"name":"(anonymous_18)","decl":{"start":{"line":292,"column":21},"end":{"line":292,"column":30}},"loc":{"start":{"line":292,"column":30},"end":{"line":299,"column":null}},"line":292},"19":{"name":"(anonymous_19)","decl":{"start":{"line":294,"column":51},"end":{"line":294,"column":null}},"loc":{"start":{"line":295,"column":8},"end":{"line":297,"column":null}},"line":295},"20":{"name":"(anonymous_20)","decl":{"start":{"line":303,"column":29},"end":{"line":303,"column":35}},"loc":{"start":{"line":303,"column":35},"end":{"line":322,"column":null}},"line":303},"21":{"name":"(anonymous_21)","decl":{"start":{"line":304,"column":37},"end":{"line":304,"column":42}},"loc":{"start":{"line":304,"column":42},"end":{"line":304,"column":null}},"line":304},"22":{"name":"(anonymous_22)","decl":{"start":{"line":325,"column":25},"end":{"line":325,"column":null}},"loc":{"start":{"line":325,"column":25},"end":{"line":340,"column":null}},"line":325},"23":{"name":"(anonymous_23)","decl":{"start":{"line":326,"column":37},"end":{"line":326,"column":42}},"loc":{"start":{"line":326,"column":42},"end":{"line":326,"column":null}},"line":326},"24":{"name":"(anonymous_24)","decl":{"start":{"line":335,"column":23},"end":{"line":335,"column":32}},"loc":{"start":{"line":335,"column":32},"end":{"line":338,"column":null}},"line":335},"25":{"name":"(anonymous_25)","decl":{"start":{"line":343,"column":22},"end":{"line":343,"column":null}},"loc":{"start":{"line":343,"column":22},"end":{"line":350,"column":null}},"line":343},"26":{"name":"(anonymous_26)","decl":{"start":{"line":344,"column":21},"end":{"line":344,"column":30}},"loc":{"start":{"line":344,"column":30},"end":{"line":349,"column":null}},"line":344},"27":{"name":"(anonymous_27)","decl":{"start":{"line":347,"column":8},"end":{"line":347,"column":17}},"loc":{"start":{"line":347,"column":17},"end":{"line":347,"column":null}},"line":347},"28":{"name":"(anonymous_28)","decl":{"start":{"line":353,"column":12},"end":{"line":353,"column":null}},"loc":{"start":{"line":353,"column":12},"end":{"line":357,"column":5}},"line":353},"29":{"name":"(anonymous_29)","decl":{"start":{"line":384,"column":25},"end":{"line":384,"column":31}},"loc":{"start":{"line":384,"column":31},"end":{"line":384,"column":null}},"line":384},"30":{"name":"(anonymous_30)","decl":{"start":{"line":404,"column":34},"end":{"line":404,"column":null}},"loc":{"start":{"line":404,"column":34},"end":{"line":423,"column":null}},"line":404},"31":{"name":"(anonymous_31)","decl":{"start":{"line":411,"column":35},"end":{"line":411,"column":44}},"loc":{"start":{"line":411,"column":44},"end":{"line":414,"column":null}},"line":411},"32":{"name":"(anonymous_32)","decl":{"start":{"line":424,"column":36},"end":{"line":424,"column":null}},"loc":{"start":{"line":424,"column":36},"end":{"line":427,"column":null}},"line":424},"33":{"name":"(anonymous_33)","decl":{"start":{"line":442,"column":28},"end":{"line":442,"column":33}},"loc":{"start":{"line":442,"column":33},"end":{"line":442,"column":null}},"line":442},"34":{"name":"(anonymous_34)","decl":{"start":{"line":452,"column":31},"end":{"line":452,"column":37}},"loc":{"start":{"line":452,"column":37},"end":{"line":452,"column":null}},"line":452},"35":{"name":"(anonymous_35)","decl":{"start":{"line":494,"column":39},"end":{"line":494,"column":null}},"loc":{"start":{"line":495,"column":32},"end":{"line":497,"column":null}},"line":495},"36":{"name":"(anonymous_36)","decl":{"start":{"line":523,"column":27},"end":{"line":523,"column":null}},"loc":{"start":{"line":524,"column":20},"end":{"line":524,"column":null}},"line":524},"37":{"name":"(anonymous_37)","decl":{"start":{"line":534,"column":27},"end":{"line":534,"column":null}},"loc":{"start":{"line":535,"column":20},"end":{"line":535,"column":null}},"line":535},"38":{"name":"(anonymous_38)","decl":{"start":{"line":545,"column":27},"end":{"line":545,"column":null}},"loc":{"start":{"line":546,"column":20},"end":{"line":546,"column":null}},"line":546},"39":{"name":"(anonymous_39)","decl":{"start":{"line":576,"column":25},"end":{"line":576,"column":31}},"loc":{"start":{"line":576,"column":31},"end":{"line":576,"column":null}},"line":576},"40":{"name":"(anonymous_40)","decl":{"start":{"line":599,"column":33},"end":{"line":599,"column":34}},"loc":{"start":{"line":600,"column":16},"end":{"line":600,"column":null}},"line":600},"41":{"name":"(anonymous_41)","decl":{"start":{"line":611,"column":21},"end":{"line":611,"column":null}},"loc":{"start":{"line":611,"column":21},"end":{"line":622,"column":null}},"line":611}},"branchMap":{"0":{"loc":{"start":{"line":48,"column":2},"end":{"line":48,"column":18}},"type":"default-arg","locations":[{"start":{"line":48,"column":16},"end":{"line":48,"column":18}}],"line":48},"1":{"loc":{"start":{"line":49,"column":2},"end":{"line":49,"column":26}},"type":"default-arg","locations":[{"start":{"line":49,"column":18},"end":{"line":49,"column":26}}],"line":49},"2":{"loc":{"start":{"line":63,"column":24},"end":{"line":63,"column":60}},"type":"binary-expr","locations":[{"start":{"line":63,"column":24},"end":{"line":63,"column":54}},{"start":{"line":63,"column":58},"end":{"line":63,"column":60}}],"line":63},"3":{"loc":{"start":{"line":75,"column":6},"end":{"line":102,"column":null}},"type":"if","locations":[{"start":{"line":75,"column":6},"end":{"line":102,"column":null}},{"start":{},"end":{}}],"line":75},"4":{"loc":{"start":{"line":109,"column":46},"end":{"line":109,"column":63}},"type":"default-arg","locations":[{"start":{"line":109,"column":61},"end":{"line":109,"column":63}}],"line":109},"5":{"loc":{"start":{"line":112,"column":28},"end":{"line":114,"column":null}},"type":"cond-expr","locations":[{"start":{"line":113,"column":10},"end":{"line":113,"column":47}},{"start":{"line":114,"column":10},"end":{"line":114,"column":null}}],"line":112},"6":{"loc":{"start":{"line":116,"column":8},"end":{"line":117,"column":75}},"type":"binary-expr","locations":[{"start":{"line":116,"column":8},"end":{"line":116,"column":null}},{"start":{"line":117,"column":8},"end":{"line":117,"column":75}}],"line":116},"7":{"loc":{"start":{"line":124,"column":6},"end":{"line":145,"column":null}},"type":"if","locations":[{"start":{"line":124,"column":6},"end":{"line":145,"column":null}},{"start":{},"end":{}}],"line":124},"8":{"loc":{"start":{"line":155,"column":4},"end":{"line":169,"column":null}},"type":"switch","locations":[{"start":{"line":156,"column":6},"end":{"line":157,"column":null}},{"start":{"line":158,"column":6},"end":{"line":159,"column":null}},{"start":{"line":160,"column":6},"end":{"line":162,"column":null}},{"start":{"line":163,"column":6},"end":{"line":164,"column":null}},{"start":{"line":165,"column":6},"end":{"line":166,"column":null}},{"start":{"line":167,"column":6},"end":{"line":168,"column":null}}],"line":155},"9":{"loc":{"start":{"line":183,"column":10},"end":{"line":185,"column":null}},"type":"cond-expr","locations":[{"start":{"line":184,"column":14},"end":{"line":184,"column":null}},{"start":{"line":185,"column":14},"end":{"line":185,"column":null}}],"line":183},"10":{"loc":{"start":{"line":250,"column":14},"end":{"line":252,"column":null}},"type":"cond-expr","locations":[{"start":{"line":251,"column":18},"end":{"line":251,"column":null}},{"start":{"line":252,"column":18},"end":{"line":252,"column":null}}],"line":250},"11":{"loc":{"start":{"line":263,"column":14},"end":{"line":265,"column":null}},"type":"cond-expr","locations":[{"start":{"line":264,"column":18},"end":{"line":264,"column":null}},{"start":{"line":265,"column":18},"end":{"line":265,"column":null}}],"line":263},"12":{"loc":{"start":{"line":275,"column":19},"end":{"line":275,"column":null}},"type":"cond-expr","locations":[{"start":{"line":275,"column":55},"end":{"line":275,"column":68}},{"start":{"line":275,"column":71},"end":{"line":275,"column":null}}],"line":275},"13":{"loc":{"start":{"line":295,"column":8},"end":{"line":297,"column":null}},"type":"cond-expr","locations":[{"start":{"line":296,"column":12},"end":{"line":296,"column":null}},{"start":{"line":297,"column":12},"end":{"line":297,"column":null}}],"line":295},"14":{"loc":{"start":{"line":305,"column":4},"end":{"line":305,"column":null}},"type":"if","locations":[{"start":{"line":305,"column":4},"end":{"line":305,"column":null}},{"start":{},"end":{}}],"line":305},"15":{"loc":{"start":{"line":314,"column":6},"end":{"line":316,"column":null}},"type":"if","locations":[{"start":{"line":314,"column":6},"end":{"line":316,"column":null}},{"start":{},"end":{}}],"line":314},"16":{"loc":{"start":{"line":327,"column":4},"end":{"line":339,"column":null}},"type":"if","locations":[{"start":{"line":327,"column":4},"end":{"line":339,"column":null}},{"start":{},"end":{}}],"line":327},"17":{"loc":{"start":{"line":354,"column":4},"end":{"line":356,"column":null}},"type":"if","locations":[{"start":{"line":354,"column":4},"end":{"line":356,"column":null}},{"start":{},"end":{}}],"line":354},"18":{"loc":{"start":{"line":354,"column":8},"end":{"line":354,"column":33}},"type":"binary-expr","locations":[{"start":{"line":354,"column":8},"end":{"line":354,"column":25}},{"start":{"line":354,"column":25},"end":{"line":354,"column":33}}],"line":354},"19":{"loc":{"start":{"line":359,"column":2},"end":{"line":368,"column":null}},"type":"if","locations":[{"start":{"line":359,"column":2},"end":{"line":368,"column":null}},{"start":{},"end":{}}],"line":359},"20":{"loc":{"start":{"line":383,"column":25},"end":{"line":383,"column":null}},"type":"cond-expr","locations":[{"start":{"line":383,"column":40},"end":{"line":383,"column":52}},{"start":{"line":383,"column":52},"end":{"line":383,"column":null}}],"line":383},"21":{"loc":{"start":{"line":456,"column":23},"end":{"line":459,"column":null}},"type":"cond-expr","locations":[{"start":{"line":456,"column":23},"end":{"line":459,"column":37}},{"start":{"line":459,"column":24},"end":{"line":459,"column":null}}],"line":456},"22":{"loc":{"start":{"line":566,"column":17},"end":{"line":566,"column":null}},"type":"binary-expr","locations":[{"start":{"line":566,"column":17},"end":{"line":566,"column":41}},{"start":{"line":566,"column":41},"end":{"line":566,"column":null}}],"line":566}},"s":{"0":1,"1":18,"2":18,"3":18,"4":18,"5":18,"6":18,"7":18,"8":18,"9":18,"10":18,"11":18,"12":18,"13":18,"14":18,"15":1,"16":1,"17":1,"18":1,"19":1,"20":1,"21":1,"22":1,"23":0,"24":18,"25":0,"26":0,"27":0,"28":0,"29":0,"30":0,"31":0,"32":0,"33":0,"34":0,"35":0,"36":0,"37":18,"38":0,"39":0,"40":0,"41":0,"42":0,"43":0,"44":0,"45":0,"46":0,"47":0,"48":18,"49":17,"50":0,"51":0,"52":1,"53":18,"54":17,"55":2,"56":0,"57":0,"58":18,"59":2,"60":0,"61":0,"62":18,"63":0,"64":0,"65":0,"66":0,"67":0,"68":0,"69":0,"70":0,"71":0,"72":0,"73":0,"74":0,"75":18,"76":0,"77":0,"78":0,"79":0,"80":0,"81":0,"82":18,"83":1,"84":0,"85":0,"86":18,"87":16,"88":1,"89":18,"90":1,"91":0,"92":0,"93":0,"94":0,"95":0,"96":0,"97":0,"98":0,"99":0,"100":0,"101":0,"102":0,"103":0,"104":17,"105":1,"106":71},"f":{"0":18,"1":0,"2":18,"3":1,"4":0,"5":0,"6":0,"7":0,"8":0,"9":17,"10":0,"11":0,"12":1,"13":17,"14":2,"15":0,"16":0,"17":2,"18":0,"19":0,"20":0,"21":0,"22":0,"23":0,"24":0,"25":1,"26":0,"27":0,"28":16,"29":1,"30":0,"31":0,"32":0,"33":0,"34":0,"35":0,"36":0,"37":0,"38":0,"39":0,"40":17,"41":71},"b":{"0":[18],"1":[0],"2":[18,1],"3":[1,0],"4":[0],"5":[0,0],"6":[0,0],"7":[0,0],"8":[0,0,0,0,0,0],"9":[1,16],"10":[15,0],"11":[1,0],"12":[1,0],"13":[0,0],"14":[0,0],"15":[0,0],"16":[0,0],"17":[1,15],"18":[16,15],"19":[1,17],"20":[1,16],"21":[0,68],"22":[18,0]},"meta":{"lastBranch":23,"lastFunction":42,"lastStatement":107,"seen":{"s:42:29:608:Infinity":0,"f:42:29:42:30":0,"b:48:16:48:18":0,"b:49:18:49:26":1,"f:49:18:49:25":1,"s:51:27:51:Infinity":1,"s:52:39:52:Infinity":2,"s:53:41:53:Infinity":3,"s:54:49:54:Infinity":4,"s:55:41:55:Infinity":5,"s:56:31:56:Infinity":6,"s:57:47:57:Infinity":7,"s:58:43:58:Infinity":8,"s:59:39:59:Infinity":9,"s:60:39:60:Infinity":10,"s:62:24:62:Infinity":11,"f:62:37:62:42":2,"s:62:42:62:Infinity":12,"s:63:24:63:60":13,"b:63:24:63:54:63:58:63:60":2,"s:66:35:106:Infinity":14,"f:66:35:66:42":3,"s:67:4:105:Infinity":15,"s:68:21:68:205":16,"s:70:21:73:Infinity":17,"b:75:6:102:Infinity:undefined:undefined:undefined:undefined":3,"s:75:6:102:Infinity":18,"s:76:8:101:Infinity":19,"s:77:30:77:Infinity":20,"s:78:10:78:Infinity":21,"s:81:10:100:Infinity":22,"s:104:6:104:Infinity":23,"s:109:28:151:Infinity":24,"f:109:28:109:35":4,"b:109:61:109:63":4,"s:110:4:110:Infinity":25,"s:111:4:150:Infinity":26,"s:112:28:114:Infinity":27,"b:113:10:113:47:114:10:114:Infinity":5,"s:116:8:117:75":28,"b:116:8:116:Infinity:117:8:117:75":6,"s:119:21:122:Infinity":29,"b:124:6:145:Infinity:undefined:undefined:undefined:undefined":7,"s:124:6:145:Infinity":30,"s:125:25:132:Infinity":31,"s:134:8:137:Infinity":32,"f:134:25:134:34":5,"s:134:34:137:Infinity":33,"s:139:8:144:Infinity":34,"s:147:6:147:Infinity":35,"s:149:6:149:Infinity":36,"s:154:30:170:Infinity":37,"f:154:30:154:31":6,"b:156:6:157:Infinity:158:6:159:Infinity:160:6:162:Infinity:163:6:164:Infinity:165:6:166:Infinity:167:6:168:Infinity":8,"s:155:4:169:Infinity":38,"s:157:8:157:Infinity":39,"s:159:8:159:Infinity":40,"s:161:22:161:Infinity":41,"f:161:49:161:57":7,"s:161:57:161:Infinity":42,"s:162:8:162:Infinity":43,"f:162:25:162:33":8,"s:162:33:162:51":44,"s:164:8:164:Infinity":45,"s:166:8:166:Infinity":46,"s:168:8:168:Infinity":47,"s:173:30:241:Infinity":48,"f:173:30:173:31":9,"s:174:26:174:Infinity":49,"b:184:14:184:Infinity:185:14:185:Infinity":9,"f:201:21:201:27":10,"s:201:27:201:Infinity":50,"f:209:21:209:27":11,"s:209:27:209:Infinity":51,"f:217:21:217:27":12,"s:217:27:217:Infinity":52,"s:244:29:288:Infinity":53,"f:244:29:244:Infinity":13,"s:245:4:287:Infinity":54,"b:251:18:251:Infinity:252:18:252:Infinity":10,"f:254:22:254:27":14,"s:254:27:254:Infinity":55,"b:264:18:264:Infinity:265:18:265:Infinity":11,"f:267:22:267:27":15,"s:267:27:267:Infinity":56,"b:275:55:275:68:275:71:275:Infinity":12,"f:276:22:276:27":16,"s:276:27:276:Infinity":57,"s:291:22:300:Infinity":58,"f:291:22:291:23":17,"s:292:4:299:Infinity":59,"f:292:21:292:30":18,"s:292:30:299:Infinity":60,"f:294:51:294:Infinity":19,"s:295:8:297:Infinity":61,"b:296:12:296:Infinity:297:12:297:Infinity":13,"s:303:29:322:Infinity":62,"f:303:29:303:35":20,"s:304:18:304:Infinity":63,"f:304:37:304:42":21,"s:304:42:304:Infinity":64,"b:305:4:305:Infinity:undefined:undefined:undefined:undefined":14,"s:305:4:305:Infinity":65,"s:305:16:305:Infinity":66,"s:307:4:307:Infinity":67,"s:308:4:321:Infinity":68,"s:309:21:309:117":69,"s:310:21:312:Infinity":70,"b:314:6:316:Infinity:undefined:undefined:undefined:undefined":15,"s:314:6:316:Infinity":71,"s:315:8:315:Infinity":72,"s:318:6:318:Infinity":73,"s:320:6:320:Infinity":74,"s:325:25:340:Infinity":75,"f:325:25:325:Infinity":22,"s:326:18:326:Infinity":76,"f:326:37:326:42":23,"s:326:42:326:Infinity":77,"b:327:4:339:Infinity:undefined:undefined:undefined:undefined":16,"s:327:4:339:Infinity":78,"s:328:23:333:Infinity":79,"s:335:6:338:Infinity":80,"f:335:23:335:32":24,"s:335:32:338:Infinity":81,"s:343:22:350:Infinity":82,"f:343:22:343:Infinity":25,"s:344:4:349:Infinity":83,"f:344:21:344:30":26,"s:344:30:349:Infinity":84,"f:347:8:347:17":27,"s:347:17:347:Infinity":85,"s:353:2:357:Infinity":86,"f:353:12:353:Infinity":28,"b:354:4:356:Infinity:undefined:undefined:undefined:undefined":17,"s:354:4:356:Infinity":87,"b:354:8:354:25:354:25:354:33":18,"s:355:6:355:Infinity":88,"b:359:2:368:Infinity:undefined:undefined:undefined:undefined":19,"s:359:2:368:Infinity":89,"b:383:40:383:52:383:52:383:Infinity":20,"f:384:25:384:31":29,"s:384:31:384:Infinity":90,"f:404:34:404:Infinity":30,"s:405:35:409:Infinity":91,"s:411:18:414:Infinity":92,"f:411:35:411:44":31,"s:411:44:414:Infinity":93,"s:416:18:422:Infinity":94,"f:424:36:424:Infinity":32,"s:425:18:425:Infinity":95,"s:426:18:426:Infinity":96,"f:442:28:442:33":33,"s:442:33:442:Infinity":97,"f:452:31:452:37":34,"s:452:37:452:Infinity":98,"b:456:23:459:37:459:24:459:Infinity":21,"f:494:39:494:Infinity":35,"s:495:32:497:Infinity":99,"f:523:27:523:Infinity":36,"s:524:20:524:Infinity":100,"f:534:27:534:Infinity":37,"s:535:20:535:Infinity":101,"f:545:27:545:Infinity":38,"s:546:20:546:Infinity":102,"b:566:17:566:41:566:41:566:Infinity":22,"f:576:25:576:31":39,"s:576:31:576:Infinity":103,"f:599:33:599:34":40,"s:600:16:600:Infinity":104,"s:611:21:622:Infinity":105,"f:611:21:611:Infinity":41,"s:612:18:620:Infinity":106}}}
,"C:\\Users\\saksh\\OneDrive\\Desktop\\ai-lesson-editor\\Creditor_UserDash\\src\\components\\ui\\badge.jsx": {"path":"C:\\Users\\saksh\\OneDrive\\Desktop\\ai-lesson-editor\\Creditor_UserDash\\src\\components\\ui\\badge.jsx","statementMap":{"0":{"start":{"line":5,"column":6},"end":{"line":22,"column":null}}},"fnMap":{"0":{"name":"Badge","decl":{"start":{"line":25,"column":9},"end":{"line":25,"column":15}},"loc":{"start":{"line":25,"column":47},"end":{"line":29,"column":null}},"line":25}},"branchMap":{},"s":{"0":1},"f":{"0":5},"b":{},"meta":{"lastBranch":0,"lastFunction":1,"lastStatement":1,"seen":{"s:5:6:22:Infinity":0,"f:25:9:25:15":0}}}
,"C:\\Users\\saksh\\OneDrive\\Desktop\\ai-lesson-editor\\Creditor_UserDash\\src\\components\\ui\\button.jsx": {"path":"C:\\Users\\saksh\\OneDrive\\Desktop\\ai-lesson-editor\\Creditor_UserDash\\src\\components\\ui\\button.jsx","statementMap":{"0":{"start":{"line":6,"column":6},"end":{"line":32,"column":null}},"1":{"start":{"line":35,"column":15},"end":{"line":50,"column":null}},"2":{"start":{"line":42,"column":15},"end":{"line":42,"column":null}},"3":{"start":{"line":51,"column":0},"end":{"line":51,"column":null}}},"fnMap":{"0":{"name":"(anonymous_0)","decl":{"start":{"line":35,"column":32},"end":{"line":35,"column":33}},"loc":{"start":{"line":41,"column":3},"end":{"line":50,"column":null}},"line":41}},"branchMap":{"0":{"loc":{"start":{"line":39,"column":2},"end":{"line":39,"column":17}},"type":"default-arg","locations":[{"start":{"line":39,"column":12},"end":{"line":39,"column":17}}],"line":39},"1":{"loc":{"start":{"line":42,"column":15},"end":{"line":42,"column":null}},"type":"cond-expr","locations":[{"start":{"line":42,"column":25},"end":{"line":42,"column":32}},{"start":{"line":42,"column":32},"end":{"line":42,"column":null}}],"line":42}},"s":{"0":2,"1":2,"2":228,"3":2},"f":{"0":228},"b":{"0":[228],"1":[1,227]},"meta":{"lastBranch":2,"lastFunction":1,"lastStatement":4,"seen":{"s:6:6:32:Infinity":0,"s:35:15:50:Infinity":1,"f:35:32:35:33":0,"b:39:12:39:17":0,"s:42:15:42:Infinity":2,"b:42:25:42:32:42:32:42:Infinity":1,"s:51:0:51:Infinity":3}}}
,"C:\\Users\\saksh\\OneDrive\\Desktop\\ai-lesson-editor\\Creditor_UserDash\\src\\components\\ui\\card.jsx": {"path":"C:\\Users\\saksh\\OneDrive\\Desktop\\ai-lesson-editor\\Creditor_UserDash\\src\\components\\ui\\card.jsx","statementMap":{"0":{"start":{"line":14,"column":0},"end":{"line":14,"column":null}},"1":{"start":{"line":23,"column":0},"end":{"line":23,"column":null}},"2":{"start":{"line":35,"column":0},"end":{"line":35,"column":null}},"3":{"start":{"line":44,"column":0},"end":{"line":44,"column":null}},"4":{"start":{"line":49,"column":0},"end":{"line":49,"column":null}},"5":{"start":{"line":58,"column":0},"end":{"line":58,"column":null}}},"fnMap":{},"branchMap":{},"s":{"0":1,"1":1,"2":1,"3":1,"4":1,"5":1},"f":{},"b":{},"meta":{"lastBranch":0,"lastFunction":0,"lastStatement":6,"seen":{"s:14:0:14:Infinity":0,"s:23:0:23:Infinity":1,"s:35:0:35:Infinity":2,"s:44:0:44:Infinity":3,"s:49:0:49:Infinity":4,"s:58:0:58:Infinity":5}}}
,"C:\\Users\\saksh\\OneDrive\\Desktop\\ai-lesson-editor\\Creditor_UserDash\\src\\components\\ui\\input.jsx": {"path":"C:\\Users\\saksh\\OneDrive\\Desktop\\ai-lesson-editor\\Creditor_UserDash\\src\\components\\ui\\input.jsx","statementMap":{"0":{"start":{"line":4,"column":14},"end":{"line":16,"column":null}},"1":{"start":{"line":17,"column":0},"end":{"line":17,"column":null}}},"fnMap":{"0":{"name":"(anonymous_0)","decl":{"start":{"line":4,"column":31},"end":{"line":4,"column":32}},"loc":{"start":{"line":4,"column":63},"end":{"line":16,"column":null}},"line":4}},"branchMap":{},"s":{"0":1,"1":1},"f":{"0":18},"b":{},"meta":{"lastBranch":0,"lastFunction":1,"lastStatement":2,"seen":{"s:4:14:16:Infinity":0,"f:4:31:4:32":0,"s:17:0:17:Infinity":1}}}
,"C:\\Users\\saksh\\OneDrive\\Desktop\\ai-lesson-editor\\Creditor_UserDash\\src\\components\\ui\\label.jsx": {"path":"C:\\Users\\saksh\\OneDrive\\Desktop\\ai-lesson-editor\\Creditor_UserDash\\src\\components\\ui\\label.jsx","statementMap":{"0":{"start":{"line":6,"column":6},"end":{"line":7,"column":null}},"1":{"start":{"line":17,"column":0},"end":{"line":17,"column":null}}},"fnMap":{},"branchMap":{},"s":{"0":1,"1":1},"f":{},"b":{},"meta":{"lastBranch":0,"lastFunction":0,"lastStatement":2,"seen":{"s:6:6:7:Infinity":0,"s:17:0:17:Infinity":1}}}
,"C:\\Users\\saksh\\OneDrive\\Desktop\\ai-lesson-editor\\Creditor_UserDash\\src\\components\\ui\\progress.jsx": {"path":"C:\\Users\\saksh\\OneDrive\\Desktop\\ai-lesson-editor\\Creditor_UserDash\\src\\components\\ui\\progress.jsx","statementMap":{"0":{"start":{"line":25,"column":0},"end":{"line":25,"column":null}}},"fnMap":{},"branchMap":{"0":{"loc":{"start":{"line":21,"column":48},"end":{"line":21,"column":60}},"type":"binary-expr","locations":[{"start":{"line":21,"column":48},"end":{"line":21,"column":57}},{"start":{"line":21,"column":57},"end":{"line":21,"column":60}}],"line":21}},"s":{"0":1},"f":{},"b":{"0":[2,2]},"meta":{"lastBranch":1,"lastFunction":0,"lastStatement":1,"seen":{"b:21:48:21:57:21:57:21:60":0,"s:25:0:25:Infinity":0}}}
,"C:\\Users\\saksh\\OneDrive\\Desktop\\ai-lesson-editor\\Creditor_UserDash\\src\\components\\ui\\switch.jsx": {"path":"C:\\Users\\saksh\\OneDrive\\Desktop\\ai-lesson-editor\\Creditor_UserDash\\src\\components\\ui\\switch.jsx","statementMap":{"0":{"start":{"line":22,"column":0},"end":{"line":22,"column":null}}},"fnMap":{},"branchMap":{},"s":{"0":1},"f":{},"b":{},"meta":{"lastBranch":0,"lastFunction":0,"lastStatement":1,"seen":{"s:22:0:22:Infinity":0}}}
,"C:\\Users\\saksh\\OneDrive\\Desktop\\ai-lesson-editor\\Creditor_UserDash\\src\\components\\ui\\textarea.jsx": {"path":"C:\\Users\\saksh\\OneDrive\\Desktop\\ai-lesson-editor\\Creditor_UserDash\\src\\components\\ui\\textarea.jsx","statementMap":{"0":{"start":{"line":4,"column":6},"end":{"line":15,"column":null}},"1":{"start":{"line":16,"column":0},"end":{"line":16,"column":null}}},"fnMap":{"0":{"name":"(anonymous_0)","decl":{"start":{"line":4,"column":28},"end":{"line":4,"column":29}},"loc":{"start":{"line":4,"column":54},"end":{"line":15,"column":null}},"line":4}},"branchMap":{},"s":{"0":1,"1":1},"f":{"0":16},"b":{},"meta":{"lastBranch":0,"lastFunction":1,"lastStatement":2,"seen":{"s:4:6:15:Infinity":0,"f:4:28:4:29":0,"s:16:0:16:Infinity":1}}}
,"C:\\Users\\saksh\\OneDrive\\Desktop\\ai-lesson-editor\\Creditor_UserDash\\src\\constants\\LessonBuilder\\blockTypes.js": {"path":"C:\\Users\\saksh\\OneDrive\\Desktop\\ai-lesson-editor\\Creditor_UserDash\\src\\constants\\LessonBuilder\\blockTypes.js","statementMap":{"0":{"start":{"line":4,"column":33},"end":{"line":103,"column":1}},"1":{"start":{"line":105,"column":31},"end":{"line":118,"column":1}},"2":{"start":{"line":120,"column":32},"end":{"line":122,"column":1}},"3":{"start":{"line":121,"column":2},"end":{"line":121,"column":56}},"4":{"start":{"line":121,"column":40},"end":{"line":121,"column":54}},"5":{"start":{"line":124,"column":39},"end":{"line":126,"column":1}},"6":{"start":{"line":125,"column":2},"end":{"line":125,"column":70}},"7":{"start":{"line":125,"column":42},"end":{"line":125,"column":68}}},"fnMap":{"0":{"name":"(anonymous_0)","decl":{"start":{"line":120,"column":32},"end":{"line":120,"column":34}},"loc":{"start":{"line":120,"column":38},"end":{"line":122,"column":1}},"line":120},"1":{"name":"(anonymous_1)","decl":{"start":{"line":121,"column":32},"end":{"line":121,"column":36}},"loc":{"start":{"line":121,"column":40},"end":{"line":121,"column":54}},"line":121},"2":{"name":"(anonymous_2)","decl":{"start":{"line":124,"column":39},"end":{"line":124,"column":47}},"loc":{"start":{"line":124,"column":51},"end":{"line":126,"column":1}},"line":124},"3":{"name":"(anonymous_3)","decl":{"start":{"line":125,"column":34},"end":{"line":125,"column":38}},"loc":{"start":{"line":125,"column":42},"end":{"line":125,"column":68}},"line":125}},"branchMap":{},"s":{"0":1,"1":1,"2":1,"3":0,"4":0,"5":1,"6":0,"7":0},"f":{"0":0,"1":0,"2":0,"3":0},"b":{},"meta":{"lastBranch":0,"lastFunction":4,"lastStatement":8,"seen":{"s:4:33:103:1":0,"s:105:31:118:1":1,"s:120:32:122:1":2,"f:120:32:120:34":0,"s:121:2:121:56":3,"f:121:32:121:36":1,"s:121:40:121:54":4,"s:124:39:126:1":5,"f:124:39:124:47":2,"s:125:2:125:70":6,"f:125:34:125:38":3,"s:125:42:125:68":7}}}
,"C:\\Users\\saksh\\OneDrive\\Desktop\\ai-lesson-editor\\Creditor_UserDash\\src\\lib\\utils.js": {"path":"C:\\Users\\saksh\\OneDrive\\Desktop\\ai-lesson-editor\\Creditor_UserDash\\src\\lib\\utils.js","statementMap":{"0":{"start":{"line":5,"column":2},"end":{"line":5,"column":31}},"1":{"start":{"line":13,"column":2},"end":{"line":22,"column":12}},"2":{"start":{"line":30,"column":2},"end":{"line":30,"column":23}},"3":{"start":{"line":30,"column":13},"end":{"line":30,"column":23}},"4":{"start":{"line":32,"column":2},"end":{"line":37,"column":12}},"5":{"start":{"line":45,"column":16},"end":{"line":45,"column":20}},"6":{"start":{"line":47,"column":2},"end":{"line":58,"column":4}},"7":{"start":{"line":48,"column":18},"end":{"line":51,"column":5}},"8":{"start":{"line":49,"column":6},"end":{"line":49,"column":21}},"9":{"start":{"line":50,"column":6},"end":{"line":50,"column":20}},"10":{"start":{"line":53,"column":4},"end":{"line":55,"column":5}},"11":{"start":{"line":54,"column":6},"end":{"line":54,"column":28}},"12":{"start":{"line":57,"column":4},"end":{"line":57,"column":45}},"13":{"start":{"line":63,"column":14},"end":{"line":63,"column":24}},"14":{"start":{"line":64,"column":16},"end":{"line":64,"column":105}},"15":{"start":{"line":65,"column":14},"end":{"line":65,"column":108}},"16":{"start":{"line":66,"column":2},"end":{"line":66,"column":64}},"17":{"start":{"line":71,"column":14},"end":{"line":71,"column":24}},"18":{"start":{"line":72,"column":16},"end":{"line":72,"column":105}},"19":{"start":{"line":73,"column":14},"end":{"line":73,"column":112}},"20":{"start":{"line":74,"column":2},"end":{"line":74,"column":64}}},"fnMap":{"0":{"name":"cn","decl":{"start":{"line":4,"column":16},"end":{"line":4,"column":18}},"loc":{"start":{"line":4,"column":30},"end":{"line":6,"column":1}},"line":4},"1":{"name":"cleanTextForSpeech","decl":{"start":{"line":12,"column":16},"end":{"line":12,"column":34}},"loc":{"start":{"line":12,"column":41},"end":{"line":23,"column":1}},"line":12},"2":{"name":"normalizeWord","decl":{"start":{"line":29,"column":16},"end":{"line":29,"column":29}},"loc":{"start":{"line":29,"column":36},"end":{"line":38,"column":1}},"line":29},"3":{"name":"debounce","decl":{"start":{"line":44,"column":16},"end":{"line":44,"column":24}},"loc":{"start":{"line":44,"column":37},"end":{"line":59,"column":1}},"line":44},"4":{"name":"(anonymous_4)","decl":{"start":{"line":47,"column":9},"end":{"line":47,"column":17}},"loc":{"start":{"line":47,"column":27},"end":{"line":58,"column":3}},"line":47},"5":{"name":"(anonymous_5)","decl":{"start":{"line":48,"column":18},"end":{"line":48,"column":19}},"loc":{"start":{"line":48,"column":24},"end":{"line":51,"column":5}},"line":48},"6":{"name":"getTodayBounds","decl":{"start":{"line":62,"column":16},"end":{"line":62,"column":30}},"loc":{"start":{"line":62,"column":33},"end":{"line":67,"column":1}},"line":62},"7":{"name":"getUpcomingWeekBounds","decl":{"start":{"line":70,"column":16},"end":{"line":70,"column":37}},"loc":{"start":{"line":70,"column":40},"end":{"line":75,"column":null}},"line":70}},"branchMap":{"0":{"loc":{"start":{"line":30,"column":2},"end":{"line":30,"column":23}},"type":"if","locations":[{"start":{"line":30,"column":2},"end":{"line":30,"column":23}},{"start":{},"end":{}}],"line":30},"1":{"loc":{"start":{"line":53,"column":4},"end":{"line":55,"column":5}},"type":"if","locations":[{"start":{"line":53,"column":4},"end":{"line":55,"column":5}},{"start":{},"end":{}}],"line":53}},"s":{"0":360,"1":0,"2":0,"3":0,"4":0,"5":0,"6":0,"7":0,"8":0,"9":0,"10":0,"11":0,"12":0,"13":0,"14":0,"15":0,"16":0,"17":0,"18":0,"19":0,"20":0},"f":{"0":360,"1":0,"2":0,"3":0,"4":0,"5":0,"6":0,"7":0},"b":{"0":[0,0],"1":[0,0]},"meta":{"lastBranch":2,"lastFunction":8,"lastStatement":21,"seen":{"f:4:16:4:18":0,"s:5:2:5:31":0,"f:12:16:12:34":1,"s:13:2:22:12":1,"f:29:16:29:29":2,"b:30:2:30:23:undefined:undefined:undefined:undefined":0,"s:30:2:30:23":2,"s:30:13:30:23":3,"s:32:2:37:12":4,"f:44:16:44:24":3,"s:45:16:45:20":5,"s:47:2:58:4":6,"f:47:9:47:17":4,"s:48:18:51:5":7,"f:48:18:48:19":5,"s:49:6:49:21":8,"s:50:6:50:20":9,"b:53:4:55:5:undefined:undefined:undefined:undefined":1,"s:53:4:55:5":10,"s:54:6:54:28":11,"s:57:4:57:45":12,"f:62:16:62:30":6,"s:63:14:63:24":13,"s:64:16:64:105":14,"s:65:14:65:108":15,"s:66:2:66:64":16,"f:70:16:70:37":7,"s:71:14:71:24":17,"s:72:16:72:105":18,"s:73:14:73:112":19,"s:74:2:74:64":20}}}
,"C:\\Users\\saksh\\OneDrive\\Desktop\\ai-lesson-editor\\Creditor_UserDash\\src\\services\\enhancedAIService.js": {"path":"C:\\Users\\saksh\\OneDrive\\Desktop\\ai-lesson-editor\\Creditor_UserDash\\src\\services\\enhancedAIService.js","statementMap":{"0":{"start":{"line":11,"column":4},"end":{"line":11,"column":32}},"1":{"start":{"line":12,"column":4},"end":{"line":12,"column":67}},"2":{"start":{"line":22,"column":4},"end":{"line":30,"column":5}},"3":{"start":{"line":23,"column":6},"end":{"line":23,"column":55}},"4":{"start":{"line":24,"column":19},"end":{"line":24,"column":66}},"5":{"start":{"line":25,"column":6},"end":{"line":25,"column":51}},"6":{"start":{"line":26,"column":6},"end":{"line":26,"column":18}},"7":{"start":{"line":28,"column":6},"end":{"line":28,"column":56}},"8":{"start":{"line":29,"column":6},"end":{"line":29,"column":66}},"9":{"start":{"line":41,"column":4},"end":{"line":53,"column":5}},"10":{"start":{"line":42,"column":6},"end":{"line":42,"column":70}},"11":{"start":{"line":43,"column":19},"end":{"line":47,"column":7}},"12":{"start":{"line":48,"column":6},"end":{"line":48,"column":62}},"13":{"start":{"line":49,"column":6},"end":{"line":49,"column":18}},"14":{"start":{"line":51,"column":6},"end":{"line":51,"column":62}},"15":{"start":{"line":52,"column":6},"end":{"line":52,"column":72}},"16":{"start":{"line":62,"column":4},"end":{"line":79,"column":5}},"17":{"start":{"line":63,"column":6},"end":{"line":63,"column":65}},"18":{"start":{"line":64,"column":21},"end":{"line":64,"column":72}},"19":{"start":{"line":66,"column":6},"end":{"line":71,"column":7}},"20":{"start":{"line":67,"column":8},"end":{"line":67,"column":63}},"21":{"start":{"line":68,"column":8},"end":{"line":68,"column":22}},"22":{"start":{"line":70,"column":8},"end":{"line":70,"column":77}},"23":{"start":{"line":73,"column":6},"end":{"line":73,"column":66}},"24":{"start":{"line":74,"column":6},"end":{"line":78,"column":8}},"25":{"start":{"line":89,"column":4},"end":{"line":106,"column":5}},"26":{"start":{"line":90,"column":6},"end":{"line":90,"column":63}},"27":{"start":{"line":91,"column":21},"end":{"line":91,"column":75}},"28":{"start":{"line":93,"column":6},"end":{"line":98,"column":7}},"29":{"start":{"line":94,"column":8},"end":{"line":94,"column":54}},"30":{"start":{"line":95,"column":8},"end":{"line":95,"column":22}},"31":{"start":{"line":97,"column":8},"end":{"line":97,"column":68}},"32":{"start":{"line":100,"column":6},"end":{"line":100,"column":57}},"33":{"start":{"line":101,"column":6},"end":{"line":105,"column":8}},"34":{"start":{"line":123,"column":4},"end":{"line":136,"column":5}},"35":{"start":{"line":124,"column":6},"end":{"line":124,"column":65}},"36":{"start":{"line":125,"column":22},"end":{"line":130,"column":7}},"37":{"start":{"line":131,"column":6},"end":{"line":131,"column":61}},"38":{"start":{"line":132,"column":6},"end":{"line":132,"column":21}},"39":{"start":{"line":134,"column":6},"end":{"line":134,"column":66}},"40":{"start":{"line":135,"column":6},"end":{"line":135,"column":18}},"41":{"start":{"line":144,"column":4},"end":{"line":144,"column":37}},"42":{"start":{"line":149,"column":26},"end":{"line":149,"column":49}}},"fnMap":{"0":{"name":"(anonymous_0)","decl":{"start":{"line":10,"column":2},"end":{"line":10,"column":13}},"loc":{"start":{"line":10,"column":16},"end":{"line":13,"column":3}},"line":10},"1":{"name":"(anonymous_1)","decl":{"start":{"line":21,"column":8},"end":{"line":21,"column":20}},"loc":{"start":{"line":21,"column":43},"end":{"line":31,"column":3}},"line":21},"2":{"name":"(anonymous_2)","decl":{"start":{"line":40,"column":8},"end":{"line":40,"column":26}},"loc":{"start":{"line":40,"column":67},"end":{"line":54,"column":3}},"line":40},"3":{"name":"(anonymous_3)","decl":{"start":{"line":61,"column":8},"end":{"line":61,"column":29}},"loc":{"start":{"line":61,"column":42},"end":{"line":80,"column":3}},"line":61},"4":{"name":"(anonymous_4)","decl":{"start":{"line":88,"column":8},"end":{"line":88,"column":27}},"loc":{"start":{"line":88,"column":50},"end":{"line":107,"column":3}},"line":88},"5":{"name":"(anonymous_5)","decl":{"start":{"line":117,"column":8},"end":{"line":117,"column":29}},"loc":{"start":{"line":122,"column":4},"end":{"line":137,"column":3}},"line":122},"6":{"name":"(anonymous_6)","decl":{"start":{"line":143,"column":2},"end":{"line":143,"column":13}},"loc":{"start":{"line":143,"column":16},"end":{"line":145,"column":3}},"line":143}},"branchMap":{"0":{"loc":{"start":{"line":21,"column":29},"end":{"line":21,"column":41}},"type":"default-arg","locations":[{"start":{"line":21,"column":39},"end":{"line":21,"column":41}}],"line":21},"1":{"loc":{"start":{"line":40,"column":53},"end":{"line":40,"column":65}},"type":"default-arg","locations":[{"start":{"line":40,"column":63},"end":{"line":40,"column":65}}],"line":40},"2":{"loc":{"start":{"line":66,"column":6},"end":{"line":71,"column":7}},"type":"if","locations":[{"start":{"line":66,"column":6},"end":{"line":71,"column":7}},{"start":{"line":69,"column":13},"end":{"line":71,"column":7}}],"line":66},"3":{"loc":{"start":{"line":70,"column":24},"end":{"line":70,"column":75}},"type":"binary-expr","locations":[{"start":{"line":70,"column":24},"end":{"line":70,"column":36}},{"start":{"line":70,"column":40},"end":{"line":70,"column":75}}],"line":70},"4":{"loc":{"start":{"line":88,"column":36},"end":{"line":88,"column":48}},"type":"default-arg","locations":[{"start":{"line":88,"column":46},"end":{"line":88,"column":48}}],"line":88},"5":{"loc":{"start":{"line":93,"column":6},"end":{"line":98,"column":7}},"type":"if","locations":[{"start":{"line":93,"column":6},"end":{"line":98,"column":7}},{"start":{"line":96,"column":13},"end":{"line":98,"column":7}}],"line":93},"6":{"loc":{"start":{"line":97,"column":24},"end":{"line":97,"column":66}},"type":"binary-expr","locations":[{"start":{"line":97,"column":24},"end":{"line":97,"column":36}},{"start":{"line":97,"column":40},"end":{"line":97,"column":66}}],"line":97},"7":{"loc":{"start":{"line":121,"column":4},"end":{"line":121,"column":16}},"type":"default-arg","locations":[{"start":{"line":121,"column":14},"end":{"line":121,"column":16}}],"line":121}},"s":{"0":1,"1":1,"2":2,"3":2,"4":2,"5":1,"6":1,"7":1,"8":1,"9":2,"10":2,"11":2,"12":1,"13":1,"14":1,"15":1,"16":2,"17":2,"18":2,"19":1,"20":1,"21":1,"22":0,"23":1,"24":1,"25":2,"26":2,"27":2,"28":1,"29":1,"30":1,"31":0,"32":1,"33":1,"34":2,"35":2,"36":2,"37":1,"38":1,"39":1,"40":1,"41":1,"42":1},"f":{"0":1,"1":2,"2":2,"3":2,"4":2,"5":2,"6":1},"b":{"0":[2],"1":[2],"2":[1,0],"3":[0,0],"4":[2],"5":[1,0],"6":[0,0],"7":[2]},"meta":{"lastBranch":8,"lastFunction":7,"lastStatement":43,"seen":{"f:10:2:10:13":0,"s:11:4:11:32":0,"s:12:4:12:67":1,"f:21:8:21:20":1,"b:21:39:21:41":0,"s:22:4:30:5":2,"s:23:6:23:55":3,"s:24:19:24:66":4,"s:25:6:25:51":5,"s:26:6:26:18":6,"s:28:6:28:56":7,"s:29:6:29:66":8,"f:40:8:40:26":2,"b:40:63:40:65":1,"s:41:4:53:5":9,"s:42:6:42:70":10,"s:43:19:47:7":11,"s:48:6:48:62":12,"s:49:6:49:18":13,"s:51:6:51:62":14,"s:52:6:52:72":15,"f:61:8:61:29":3,"s:62:4:79:5":16,"s:63:6:63:65":17,"s:64:21:64:72":18,"b:66:6:71:7:69:13:71:7":2,"s:66:6:71:7":19,"s:67:8:67:63":20,"s:68:8:68:22":21,"s:70:8:70:77":22,"b:70:24:70:36:70:40:70:75":3,"s:73:6:73:66":23,"s:74:6:78:8":24,"f:88:8:88:27":4,"b:88:46:88:48":4,"s:89:4:106:5":25,"s:90:6:90:63":26,"s:91:21:91:75":27,"b:93:6:98:7:96:13:98:7":5,"s:93:6:98:7":28,"s:94:8:94:54":29,"s:95:8:95:22":30,"s:97:8:97:68":31,"b:97:24:97:36:97:40:97:66":6,"s:100:6:100:57":32,"s:101:6:105:8":33,"f:117:8:117:29":5,"b:121:14:121:16":7,"s:123:4:136:5":34,"s:124:6:124:65":35,"s:125:22:130:7":36,"s:131:6:131:61":37,"s:132:6:132:21":38,"s:134:6:134:66":39,"s:135:6:135:18":40,"f:143:2:143:13":6,"s:144:4:144:37":41,"s:149:26:149:49":42}}}
,"C:\\Users\\saksh\\OneDrive\\Desktop\\ai-lesson-editor\\Creditor_UserDash\\src\\services\\imageUploadService.js": {"path":"C:\\Users\\saksh\\OneDrive\\Desktop\\ai-lesson-editor\\Creditor_UserDash\\src\\services\\imageUploadService.js","statementMap":{"0":{"start":{"line":13,"column":2},"end":{"line":127,"column":null}},"1":{"start":{"line":14,"column":4},"end":{"line":14,"column":null}},"2":{"start":{"line":17,"column":18},"end":{"line":17,"column":75}},"3":{"start":{"line":18,"column":4},"end":{"line":42,"column":null}},"4":{"start":{"line":19,"column":28},"end":{"line":19,"column":47}},"5":{"start":{"line":20,"column":6},"end":{"line":22,"column":null}},"6":{"start":{"line":21,"column":8},"end":{"line":21,"column":null}},"7":{"start":{"line":24,"column":6},"end":{"line":26,"column":null}},"8":{"start":{"line":25,"column":8},"end":{"line":25,"column":null}},"9":{"start":{"line":28,"column":30},"end":{"line":34,"column":7}},"10":{"start":{"line":35,"column":6},"end":{"line":37,"column":null}},"11":{"start":{"line":36,"column":8},"end":{"line":36,"column":null}},"12":{"start":{"line":39,"column":6},"end":{"line":41,"column":null}},"13":{"start":{"line":40,"column":8},"end":{"line":40,"column":null}},"14":{"start":{"line":45,"column":21},"end":{"line":45,"column":35}},"15":{"start":{"line":46,"column":4},"end":{"line":46,"column":null}},"16":{"start":{"line":49,"column":4},"end":{"line":51,"column":null}},"17":{"start":{"line":50,"column":6},"end":{"line":50,"column":null}},"18":{"start":{"line":52,"column":4},"end":{"line":54,"column":null}},"19":{"start":{"line":53,"column":6},"end":{"line":53,"column":null}},"20":{"start":{"line":55,"column":4},"end":{"line":57,"column":null}},"21":{"start":{"line":56,"column":6},"end":{"line":56,"column":null}},"22":{"start":{"line":59,"column":4},"end":{"line":59,"column":null}},"23":{"start":{"line":60,"column":4},"end":{"line":66,"column":null}},"24":{"start":{"line":69,"column":21},"end":{"line":74,"column":6}},"25":{"start":{"line":76,"column":4},"end":{"line":76,"column":null}},"26":{"start":{"line":80,"column":6},"end":{"line":80,"column":79}},"27":{"start":{"line":82,"column":4},"end":{"line":84,"column":null}},"28":{"start":{"line":83,"column":6},"end":{"line":83,"column":null}},"29":{"start":{"line":87,"column":4},"end":{"line":99,"column":null}},"30":{"start":{"line":101,"column":4},"end":{"line":101,"column":null}},"31":{"start":{"line":104,"column":4},"end":{"line":126,"column":null}},"32":{"start":{"line":105,"column":21},"end":{"line":105,"column":42}},"33":{"start":{"line":107,"column":8},"end":{"line":109,"column":21}},"34":{"start":{"line":111,"column":6},"end":{"line":121,"column":null}},"35":{"start":{"line":112,"column":8},"end":{"line":112,"column":null}},"36":{"start":{"line":113,"column":13},"end":{"line":121,"column":null}},"37":{"start":{"line":114,"column":8},"end":{"line":114,"column":null}},"38":{"start":{"line":115,"column":13},"end":{"line":121,"column":null}},"39":{"start":{"line":116,"column":8},"end":{"line":116,"column":null}},"40":{"start":{"line":117,"column":13},"end":{"line":121,"column":null}},"41":{"start":{"line":118,"column":8},"end":{"line":118,"column":null}},"42":{"start":{"line":120,"column":8},"end":{"line":120,"column":null}},"43":{"start":{"line":122,"column":11},"end":{"line":126,"column":null}},"44":{"start":{"line":123,"column":6},"end":{"line":123,"column":null}},"45":{"start":{"line":125,"column":6},"end":{"line":125,"column":null}},"46":{"start":{"line":137,"column":2},"end":{"line":152,"column":null}},"47":{"start":{"line":138,"column":4},"end":{"line":138,"column":null}},"48":{"start":{"line":140,"column":27},"end":{"line":140,"column":72}},"49":{"start":{"line":140,"column":45},"end":{"line":140,"column":71}},"50":{"start":{"line":141,"column":20},"end":{"line":141,"column":60}},"51":{"start":{"line":143,"column":4},"end":{"line":148,"column":null}},"52":{"start":{"line":143,"column":43},"end":{"line":148,"column":5}},"53":{"start":{"line":150,"column":4},"end":{"line":150,"column":null}},"54":{"start":{"line":151,"column":4},"end":{"line":151,"column":null}}},"fnMap":{"0":{"name":"uploadImage","decl":{"start":{"line":12,"column":22},"end":{"line":12,"column":33}},"loc":{"start":{"line":12,"column":54},"end":{"line":128,"column":null}},"line":12},"1":{"name":"uploadMultipleImages","decl":{"start":{"line":136,"column":22},"end":{"line":136,"column":42}},"loc":{"start":{"line":136,"column":64},"end":{"line":153,"column":null}},"line":136},"2":{"name":"(anonymous_2)","decl":{"start":{"line":140,"column":37},"end":{"line":140,"column":41}},"loc":{"start":{"line":140,"column":45},"end":{"line":140,"column":71}},"line":140},"3":{"name":"(anonymous_3)","decl":{"start":{"line":143,"column":23},"end":{"line":143,"column":24}},"loc":{"start":{"line":143,"column":43},"end":{"line":148,"column":5}},"line":143}},"branchMap":{"0":{"loc":{"start":{"line":12,"column":40},"end":{"line":12,"column":52}},"type":"default-arg","locations":[{"start":{"line":12,"column":50},"end":{"line":12,"column":52}}],"line":12},"1":{"loc":{"start":{"line":17,"column":18},"end":{"line":17,"column":75}},"type":"binary-expr","locations":[{"start":{"line":17,"column":18},"end":{"line":17,"column":40}},{"start":{"line":17,"column":44},"end":{"line":17,"column":75}}],"line":17},"2":{"loc":{"start":{"line":18,"column":4},"end":{"line":42,"column":null}},"type":"if","locations":[{"start":{"line":18,"column":4},"end":{"line":42,"column":null}},{"start":{"line":27,"column":11},"end":{"line":42,"column":null}}],"line":18},"3":{"loc":{"start":{"line":20,"column":6},"end":{"line":22,"column":null}},"type":"if","locations":[{"start":{"line":20,"column":6},"end":{"line":22,"column":null}},{"start":{},"end":{}}],"line":20},"4":{"loc":{"start":{"line":24,"column":6},"end":{"line":26,"column":null}},"type":"if","locations":[{"start":{"line":24,"column":6},"end":{"line":26,"column":null}},{"start":{},"end":{}}],"line":24},"5":{"loc":{"start":{"line":35,"column":6},"end":{"line":37,"column":null}},"type":"if","locations":[{"start":{"line":35,"column":6},"end":{"line":37,"column":null}},{"start":{},"end":{}}],"line":35},"6":{"loc":{"start":{"line":39,"column":6},"end":{"line":41,"column":null}},"type":"if","locations":[{"start":{"line":39,"column":6},"end":{"line":41,"column":null}},{"start":{},"end":{}}],"line":39},"7":{"loc":{"start":{"line":49,"column":4},"end":{"line":51,"column":null}},"type":"if","locations":[{"start":{"line":49,"column":4},"end":{"line":51,"column":null}},{"start":{},"end":{}}],"line":49},"8":{"loc":{"start":{"line":52,"column":4},"end":{"line":54,"column":null}},"type":"if","locations":[{"start":{"line":52,"column":4},"end":{"line":54,"column":null}},{"start":{},"end":{}}],"line":52},"9":{"loc":{"start":{"line":55,"column":4},"end":{"line":57,"column":null}},"type":"if","locations":[{"start":{"line":55,"column":4},"end":{"line":57,"column":null}},{"start":{},"end":{}}],"line":55},"10":{"loc":{"start":{"line":63,"column":14},"end":{"line":63,"column":41}},"type":"binary-expr","locations":[{"start":{"line":63,"column":14},"end":{"line":63,"column":28}},{"start":{"line":63,"column":32},"end":{"line":63,"column":41}}],"line":63},"11":{"loc":{"start":{"line":64,"column":14},"end":{"line":64,"column":66}},"type":"cond-expr","locations":[{"start":{"line":64,"column":45},"end":{"line":64,"column":59}},{"start":{"line":64,"column":62},"end":{"line":64,"column":66}}],"line":64},"12":{"loc":{"start":{"line":65,"column":12},"end":{"line":65,"column":35}},"type":"binary-expr","locations":[{"start":{"line":65,"column":12},"end":{"line":65,"column":24}},{"start":{"line":65,"column":28},"end":{"line":65,"column":35}}],"line":65},"13":{"loc":{"start":{"line":80,"column":6},"end":{"line":80,"column":79}},"type":"binary-expr","locations":[{"start":{"line":80,"column":6},"end":{"line":80,"column":30}},{"start":{"line":80,"column":34},"end":{"line":80,"column":52}},{"start":{"line":80,"column":56},"end":{"line":80,"column":79}}],"line":80},"14":{"loc":{"start":{"line":82,"column":4},"end":{"line":84,"column":null}},"type":"if","locations":[{"start":{"line":82,"column":4},"end":{"line":84,"column":null}},{"start":{},"end":{}}],"line":82},"15":{"loc":{"start":{"line":91,"column":8},"end":{"line":91,"column":77}},"type":"binary-expr","locations":[{"start":{"line":91,"column":8},"end":{"line":91,"column":37}},{"start":{"line":91,"column":41},"end":{"line":91,"column":64}},{"start":{"line":91,"column":68},"end":{"line":91,"column":77}}],"line":91},"16":{"loc":{"start":{"line":93,"column":8},"end":{"line":93,"column":77}},"type":"binary-expr","locations":[{"start":{"line":93,"column":8},"end":{"line":93,"column":37}},{"start":{"line":93,"column":41},"end":{"line":93,"column":64}},{"start":{"line":93,"column":68},"end":{"line":93,"column":77}}],"line":93},"17":{"loc":{"start":{"line":94,"column":17},"end":{"line":94,"column":48}},"type":"binary-expr","locations":[{"start":{"line":94,"column":17},"end":{"line":94,"column":34}},{"start":{"line":94,"column":38},"end":{"line":94,"column":48}}],"line":94},"18":{"loc":{"start":{"line":104,"column":4},"end":{"line":126,"column":null}},"type":"if","locations":[{"start":{"line":104,"column":4},"end":{"line":126,"column":null}},{"start":{"line":122,"column":11},"end":{"line":126,"column":null}}],"line":104},"19":{"loc":{"start":{"line":107,"column":8},"end":{"line":109,"column":21}},"type":"binary-expr","locations":[{"start":{"line":107,"column":8},"end":{"line":107,"column":36}},{"start":{"line":108,"column":8},"end":{"line":108,"column":41}},{"start":{"line":109,"column":8},"end":{"line":109,"column":21}}],"line":107},"20":{"loc":{"start":{"line":111,"column":6},"end":{"line":121,"column":null}},"type":"if","locations":[{"start":{"line":111,"column":6},"end":{"line":121,"column":null}},{"start":{"line":113,"column":13},"end":{"line":121,"column":null}}],"line":111},"21":{"loc":{"start":{"line":113,"column":13},"end":{"line":121,"column":null}},"type":"if","locations":[{"start":{"line":113,"column":13},"end":{"line":121,"column":null}},{"start":{"line":115,"column":13},"end":{"line":121,"column":null}}],"line":113},"22":{"loc":{"start":{"line":115,"column":13},"end":{"line":121,"column":null}},"type":"if","locations":[{"start":{"line":115,"column":13},"end":{"line":121,"column":null}},{"start":{"line":117,"column":13},"end":{"line":121,"column":null}}],"line":115},"23":{"loc":{"start":{"line":117,"column":13},"end":{"line":121,"column":null}},"type":"if","locations":[{"start":{"line":117,"column":13},"end":{"line":121,"column":null}},{"start":{"line":119,"column":13},"end":{"line":121,"column":null}}],"line":117},"24":{"loc":{"start":{"line":122,"column":11},"end":{"line":126,"column":null}},"type":"if","locations":[{"start":{"line":122,"column":11},"end":{"line":126,"column":null}},{"start":{"line":124,"column":11},"end":{"line":126,"column":null}}],"line":122},"25":{"loc":{"start":{"line":136,"column":50},"end":{"line":136,"column":62}},"type":"default-arg","locations":[{"start":{"line":136,"column":60},"end":{"line":136,"column":62}}],"line":136},"26":{"loc":{"start":{"line":146,"column":12},"end":{"line":146,"column":63}},"type":"cond-expr","locations":[{"start":{"line":146,"column":44},"end":{"line":146,"column":56}},{"start":{"line":146,"column":59},"end":{"line":146,"column":63}}],"line":146},"27":{"loc":{"start":{"line":147,"column":13},"end":{"line":147,"column":72}},"type":"cond-expr","locations":[{"start":{"line":147,"column":44},"end":{"line":147,"column":65}},{"start":{"line":147,"column":68},"end":{"line":147,"column":72}}],"line":147}},"s":{"0":3,"1":3,"2":3,"3":3,"4":0,"5":0,"6":0,"7":0,"8":0,"9":3,"10":3,"11":1,"12":2,"13":1,"14":1,"15":1,"16":1,"17":0,"18":1,"19":0,"20":1,"21":0,"22":1,"23":1,"24":3,"25":1,"26":1,"27":3,"28":0,"29":1,"30":2,"31":2,"32":0,"33":0,"34":0,"35":0,"36":0,"37":0,"38":0,"39":0,"40":0,"41":0,"42":0,"43":2,"44":0,"45":2,"46":0,"47":0,"48":0,"49":0,"50":0,"51":0,"52":0,"53":0,"54":0},"f":{"0":3,"1":0,"2":0,"3":0},"b":{"0":[3],"1":[3,3],"2":[0,3],"3":[0,0],"4":[0,0],"5":[1,2],"6":[1,1],"7":[0,1],"8":[0,1],"9":[0,1],"10":[1,1],"11":[0,1],"12":[3,1],"13":[1,0,0],"14":[0,3],"15":[1,0,0],"16":[3,0,0],"17":[3,1],"18":[0,2],"19":[0,0,0],"20":[0,0],"21":[0,0],"22":[0,0],"23":[0,0],"24":[0,2],"25":[0],"26":[0,0],"27":[0,0]},"meta":{"lastBranch":28,"lastFunction":4,"lastStatement":55,"seen":{"f:12:22:12:33":0,"b:12:50:12:52":0,"s:13:2:127:Infinity":0,"s:14:4:14:Infinity":1,"s:17:18:17:75":2,"b:17:18:17:40:17:44:17:75":1,"b:18:4:42:Infinity:27:11:42:Infinity":2,"s:18:4:42:Infinity":3,"s:19:28:19:47":4,"b:20:6:22:Infinity:undefined:undefined:undefined:undefined":3,"s:20:6:22:Infinity":5,"s:21:8:21:Infinity":6,"b:24:6:26:Infinity:undefined:undefined:undefined:undefined":4,"s:24:6:26:Infinity":7,"s:25:8:25:Infinity":8,"s:28:30:34:7":9,"b:35:6:37:Infinity:undefined:undefined:undefined:undefined":5,"s:35:6:37:Infinity":10,"s:36:8:36:Infinity":11,"b:39:6:41:Infinity:undefined:undefined:undefined:undefined":6,"s:39:6:41:Infinity":12,"s:40:8:40:Infinity":13,"s:45:21:45:35":14,"s:46:4:46:Infinity":15,"b:49:4:51:Infinity:undefined:undefined:undefined:undefined":7,"s:49:4:51:Infinity":16,"s:50:6:50:Infinity":17,"b:52:4:54:Infinity:undefined:undefined:undefined:undefined":8,"s:52:4:54:Infinity":18,"s:53:6:53:Infinity":19,"b:55:4:57:Infinity:undefined:undefined:undefined:undefined":9,"s:55:4:57:Infinity":20,"s:56:6:56:Infinity":21,"s:59:4:59:Infinity":22,"s:60:4:66:Infinity":23,"b:63:14:63:28:63:32:63:41":10,"b:64:45:64:59:64:62:64:66":11,"b:65:12:65:24:65:28:65:35":12,"s:69:21:74:6":24,"s:76:4:76:Infinity":25,"s:80:6:80:79":26,"b:80:6:80:30:80:34:80:52:80:56:80:79":13,"b:82:4:84:Infinity:undefined:undefined:undefined:undefined":14,"s:82:4:84:Infinity":27,"s:83:6:83:Infinity":28,"s:87:4:99:Infinity":29,"b:91:8:91:37:91:41:91:64:91:68:91:77":15,"b:93:8:93:37:93:41:93:64:93:68:93:77":16,"b:94:17:94:34:94:38:94:48":17,"s:101:4:101:Infinity":30,"b:104:4:126:Infinity:122:11:126:Infinity":18,"s:104:4:126:Infinity":31,"s:105:21:105:42":32,"s:107:8:109:21":33,"b:107:8:107:36:108:8:108:41:109:8:109:21":19,"b:111:6:121:Infinity:113:13:121:Infinity":20,"s:111:6:121:Infinity":34,"s:112:8:112:Infinity":35,"b:113:13:121:Infinity:115:13:121:Infinity":21,"s:113:13:121:Infinity":36,"s:114:8:114:Infinity":37,"b:115:13:121:Infinity:117:13:121:Infinity":22,"s:115:13:121:Infinity":38,"s:116:8:116:Infinity":39,"b:117:13:121:Infinity:119:13:121:Infinity":23,"s:117:13:121:Infinity":40,"s:118:8:118:Infinity":41,"s:120:8:120:Infinity":42,"b:122:11:126:Infinity:124:11:126:Infinity":24,"s:122:11:126:Infinity":43,"s:123:6:123:Infinity":44,"s:125:6:125:Infinity":45,"f:136:22:136:42":1,"b:136:60:136:62":25,"s:137:2:152:Infinity":46,"s:138:4:138:Infinity":47,"s:140:27:140:72":48,"f:140:37:140:41":2,"s:140:45:140:71":49,"s:141:20:141:60":50,"s:143:4:148:Infinity":51,"f:143:23:143:24":3,"s:143:43:148:5":52,"b:146:44:146:56:146:59:146:63":26,"b:147:44:147:65:147:68:147:72":27,"s:150:4:150:Infinity":53,"s:151:4:151:Infinity":54}}}
}
